  Сортировщик планет.cpp
C:\Users\antoh\Source\Repos\Сортировщик планет\Сортировщик планет\Сортировщик планет.cpp(47,42): warning C4101: colvo3: неиспользованная локальная переменная
C:\Users\antoh\Source\Repos\Сортировщик планет\Сортировщик планет\Сортировщик планет.cpp(45,127): warning C4101: pereg8: неиспользованная локальная переменная
C:\Users\antoh\Source\Repos\Сортировщик планет\Сортировщик планет\Сортировщик планет.cpp(44,104): warning C4101: name7: неиспользованная локальная переменная
C:\Users\antoh\Source\Repos\Сортировщик планет\Сортировщик планет\Сортировщик планет.cpp(47,110): warning C4101: colvo7: неиспользованная локальная переменная
C:\Users\antoh\Source\Repos\Сортировщик планет\Сортировщик планет\Сортировщик планет.cpp(47,76): warning C4101: colvo5: неиспользованная локальная переменная
C:\Users\antoh\Source\Repos\Сортировщик планет\Сортировщик планет\Сортировщик планет.cpp(45,42): warning C4101: pereg3: неиспользованная локальная переменная
C:\Users\antoh\Source\Repos\Сортировщик планет\Сортировщик планет\Сортировщик планет.cpp(44,88): warning C4101: name6: неиспользованная локальная переменная
C:\Users\antoh\Source\Repos\Сортировщик планет\Сортировщик планет\Сортировщик планет.cpp(45,25): warning C4101: pereg2: неиспользованная локальная переменная
C:\Users\antoh\Source\Repos\Сортировщик планет\Сортировщик планет\Сортировщик планет.cpp(46,120): warning C4101: afel8: неиспользованная локальная переменная
C:\Users\antoh\Source\Repos\Сортировщик планет\Сортировщик планет\Сортировщик планет.cpp(44,24): warning C4101: name2: неиспользованная локальная переменная
C:\Users\antoh\Source\Repos\Сортировщик планет\Сортировщик планет\Сортировщик планет.cpp(47,127): warning C4101: colvo8: неиспользованная локальная переменная
C:\Users\antoh\Source\Repos\Сортировщик планет\Сортировщик планет\Сортировщик планет.cpp(47,25): warning C4101: colvo2: неиспользованная локальная переменная
C:\Users\antoh\Source\Repos\Сортировщик планет\Сортировщик планет\Сортировщик планет.cpp(45,110): warning C4101: pereg7: неиспользованная локальная переменная
C:\Users\antoh\Source\Repos\Сортировщик планет\Сортировщик планет\Сортировщик планет.cpp(46,72): warning C4101: afel5: неиспользованная локальная переменная
C:\Users\antoh\Source\Repos\Сортировщик планет\Сортировщик планет\Сортировщик планет.cpp(46,40): warning C4101: afel3: неиспользованная локальная переменная
C:\Users\antoh\Source\Repos\Сортировщик планет\Сортировщик планет\Сортировщик планет.cpp(45,76): warning C4101: pereg5: неиспользованная локальная переменная
C:\Users\antoh\Source\Repos\Сортировщик планет\Сортировщик планет\Сортировщик планет.cpp(45,93): warning C4101: pereg6: неиспользованная локальная переменная
C:\Users\antoh\Source\Repos\Сортировщик планет\Сортировщик планет\Сортировщик планет.cpp(46,88): warning C4101: afel6: неиспользованная локальная переменная
C:\Users\antoh\Source\Repos\Сортировщик планет\Сортировщик планет\Сортировщик планет.cpp(47,59): warning C4101: colvo4: неиспользованная локальная переменная
C:\Users\antoh\Source\Repos\Сортировщик планет\Сортировщик планет\Сортировщик планет.cpp(46,24): warning C4101: afel2: неиспользованная локальная переменная
C:\Users\antoh\Source\Repos\Сортировщик планет\Сортировщик планет\Сортировщик планет.cpp(46,104): warning C4101: afel7: неиспользованная локальная переменная
C:\Users\antoh\Source\Repos\Сортировщик планет\Сортировщик планет\Сортировщик планет.cpp(47,93): warning C4101: colvo6: неиспользованная локальная переменная
C:\Users\antoh\Source\Repos\Сортировщик планет\Сортировщик планет\Сортировщик планет.cpp(44,120): warning C4101: name8: неиспользованная локальная переменная
C:\Users\antoh\Source\Repos\Сортировщик планет\Сортировщик планет\Сортировщик планет.cpp(45,59): warning C4101: pereg4: неиспользованная локальная переменная
C:\Users\antoh\Source\Repos\Сортировщик планет\Сортировщик планет\Сортировщик планет.cpp(44,56): warning C4101: name4: неиспользованная локальная переменная
C:\Users\antoh\Source\Repos\Сортировщик планет\Сортировщик планет\Сортировщик планет.cpp(46,56): warning C4101: afel4: неиспользованная локальная переменная
C:\Users\antoh\Source\Repos\Сортировщик планет\Сортировщик планет\Сортировщик планет.cpp(44,40): warning C4101: name3: неиспользованная локальная переменная
C:\Users\antoh\Source\Repos\Сортировщик планет\Сортировщик планет\Сортировщик планет.cpp(44,72): warning C4101: name5: неиспользованная локальная переменная
  Сортировщик планет.vcxproj -> C:\Users\antoh\Source\Repos\Сортировщик планет\Debug\Сортировщик планет.exe
